<?xml version="1.0" encoding="UTF-8"?>
<!-- Generated by org.testng.reporters.JUnitReportReporter -->
<testsuite hostname="LAPTOP-MV8D8OCH" failures="0" tests="1" name="test.TC01_verifyMessageOf30Days" time="59.090" errors="0" timestamp="2023-10-21T16:36:55 IST" skipped="0">
  <testcase classname="test.TC01_verifyMessageOf30Days" name="VerifyMessageOF30Days" time="59.090"/>
  <system-out>
    <![CDATA[Getting Actual Message like You are booking for more than 30 days
Waiting for 500 milisec
Waiting for 800 milisec
Waiting for 1000 milisec
Waiting for 500 milisec
Waiting for 500 milisec
Save on bookings with more than 9 travellers
Waiting for 800 milisec
Waiting for 1000 milisec
Waiting for 500 milisec
Waiting for 500 milisec
Waiting for 500 milisec
Waiting for 2000 milisec
Waiting for 2000 milisec
Waiting for 1500 milisec
Waiting for 1000 milisec
The date Display on Review page is Wed, 25 Oct
Waiting for 4000 milisec
Closing Browser
Waiting for 5000 milisec]]>
  </system-out>
</testsuite> <!-- test.TC01_verifyMessageOf30Days -->
